Using pre-set license
Built from '2020.3/staging' branch; Version is '2020.3.30f1 (1fb1bf06830e) revision 2077119'; Using compiler version '192528614'; Build Type 'Release'
OS: 'Windows 11  (10.0.22000) 64bit Core' Language: 'en' Physical Memory: 7987 MB
BatchMode: 1, IsHumanControllingUs: 0, StartBugReporterOnCrash: 0, Is64bit: 1, IsPro: 0

COMMAND LINE ARGUMENTS:
C:\Program Files\Unity\Hub\Editor\2020.3.30f1\Editor\Unity.exe
-adb2
-batchMode
-noUpm
-name
AssetImportWorker1
-projectPath
C:/Users/jolyo/OneDrive/Desktop/Software Major Project/FarmingRpgGame
-logFile
Logs/AssetImportWorker1.log
-srvPort
59972
Successfully changed project path to: C:/Users/jolyo/OneDrive/Desktop/Software Major Project/FarmingRpgGame
C:/Users/jolyo/OneDrive/Desktop/Software Major Project/FarmingRpgGame
Using Asset Import Pipeline V2.
Refreshing native plugins compatible for Editor in 32.60 ms, found 3 plugins.
Preloading 0 native plugins for Editor in 0.00 ms.
Initialize engine version: 2020.3.30f1 (1fb1bf06830e)
[Subsystems] Discovering subsystems at path C:/Program Files/Unity/Hub/Editor/2020.3.30f1/Editor/Data/Resources/UnitySubsystems
[Subsystems] Discovering subsystems at path C:/Users/jolyo/OneDrive/Desktop/Software Major Project/FarmingRpgGame/Assets
GfxDevice: creating device client; threaded=0
Direct3D:
    Version:  Direct3D 11.0 [level 11.1]
    Renderer: Intel(R) Iris(R) Xe Graphics (ID=0x9a49)
    Vendor:   
    VRAM:     3993 MB
    Driver:   30.0.100.9864
Initialize mono
Mono path[0] = 'C:/Program Files/Unity/Hub/Editor/2020.3.30f1/Editor/Data/Managed'
Mono path[1] = 'C:/Program Files/Unity/Hub/Editor/2020.3.30f1/Editor/Data/MonoBleedingEdge/lib/mono/unityjit'
Mono config path = 'C:/Program Files/Unity/Hub/Editor/2020.3.30f1/Editor/Data/MonoBleedingEdge/etc'
Using monoOptions --debugger-agent=transport=dt_socket,embedding=1,server=y,suspend=n,address=127.0.0.1:56140
Begin MonoManager ReloadAssembly
Registering precompiled unity dll's ...
Register platform support module: C:/Program Files/Unity/Hub/Editor/2020.3.30f1/Editor/Data/PlaybackEngines/WebGLSupport/UnityEditor.WebGL.Extensions.dll
Register platform support module: C:/Program Files/Unity/Hub/Editor/2020.3.30f1/Editor/Data/PlaybackEngines/WindowsStandaloneSupport/UnityEditor.WindowsStandalone.Extensions.dll
Registered in 0.001301 seconds.
Native extension for WindowsStandalone target not found
Native extension for WebGL target not found
Refreshing native plugins compatible for Editor in 37.57 ms, found 3 plugins.
Preloading 0 native plugins for Editor in 0.00 ms.
Mono: successfully reloaded assembly
- Completed reload, in  0.519 seconds
Domain Reload Profiling:
	ReloadAssembly (519ms)
		BeginReloadAssembly (45ms)
			ExecutionOrderSort (0ms)
			DisableScriptedObjects (0ms)
			BackupInstance (0ms)
			ReleaseScriptingObjects (0ms)
			CreateAndSetChildDomain (1ms)
		EndReloadAssembly (418ms)
			LoadAssemblies (44ms)
			RebuildTransferFunctionScriptingTraits (0ms)
			SetupTypeCache (105ms)
			ReleaseScriptCaches (0ms)
			RebuildScriptCaches (32ms)
			SetupLoadedEditorAssemblies (184ms)
				LogAssemblyErrors (0ms)
				InitializePlatformSupportModulesInManaged (4ms)
				SetLoadedEditorAssemblies (1ms)
				RefreshPlugins (38ms)
				BeforeProcessingInitializeOnLoad (13ms)
				ProcessInitializeOnLoadAttributes (100ms)
				ProcessInitializeOnLoadMethodAttributes (28ms)
				AfterProcessingInitializeOnLoad (0ms)
				EditorAssembliesLoaded (0ms)
			ExecutionOrderSort2 (0ms)
			AwakeInstancesAfterBackupRestoration (0ms)
Platform modules already initialized, skipping
Registering precompiled user dll's ...
Registered in 0.003191 seconds.
Begin MonoManager ReloadAssembly
Native extension for WindowsStandalone target not found
Native extension for WebGL target not found
Refreshing native plugins compatible for Editor in 135.30 ms, found 3 plugins.
Preloading 0 native plugins for Editor in 0.00 ms.
Mono: successfully reloaded assembly
- Completed reload, in 13.905 seconds
Domain Reload Profiling:
	ReloadAssembly (13916ms)
		BeginReloadAssembly (348ms)
			ExecutionOrderSort (0ms)
			DisableScriptedObjects (11ms)
			BackupInstance (0ms)
			ReleaseScriptingObjects (0ms)
			CreateAndSetChildDomain (48ms)
		EndReloadAssembly (13435ms)
			LoadAssemblies (6802ms)
			RebuildTransferFunctionScriptingTraits (0ms)
			SetupTypeCache (2427ms)
			ReleaseScriptCaches (1ms)
			RebuildScriptCaches (133ms)
			SetupLoadedEditorAssemblies (3713ms)
				LogAssemblyErrors (0ms)
				InitializePlatformSupportModulesInManaged (14ms)
				SetLoadedEditorAssemblies (1ms)
				RefreshPlugins (135ms)
				BeforeProcessingInitializeOnLoad (241ms)
				ProcessInitializeOnLoadAttributes (1140ms)
				ProcessInitializeOnLoadMethodAttributes (2168ms)
				AfterProcessingInitializeOnLoad (14ms)
				EditorAssembliesLoaded (0ms)
			ExecutionOrderSort2 (0ms)
			AwakeInstancesAfterBackupRestoration (18ms)
Platform modules already initialized, skipping
========================================================================
Worker process is ready to serve import requests
Launched and connected shader compiler UnityShaderCompiler.exe after 0.12 seconds
Refreshing native plugins compatible for Editor in 0.88 ms, found 3 plugins.
Preloading 0 native plugins for Editor in 0.00 ms.
Unloading 2200 Unused Serialized files (Serialized files now loaded: 0)
System memory in use before: 96.2 MB.
System memory in use after: 96.1 MB.

Unloading 31 unused Assets to reduce memory usage. Loaded Objects now: 2631.
Total: 6.532800 ms (FindLiveObjects: 0.254300 ms CreateObjectMapping: 0.140300 ms MarkObjects: 5.820700 ms  DeleteObjects: 0.314700 ms)

AssetImportParameters requested are different than current active one (requested -> active):
  custom:framework-win-MediaFoundation: 216162199b28c13a410421893ffa2e32 -> 
  custom:video-decoder-ogg-theora: a1e56fd34408186e4bbccfd4996cb3dc -> 
  custom:container-muxer-webm: aa71ff27fc2769a1b78a27578f13a17b -> 
  custom:container-demuxer-webm: 4f35f7cbe854078d1ac9338744f61a02 -> 
  custom:container-demuxer-ogg: 62fdf1f143b41e24485cea50d1cbac27 -> 
  custom:video-encoder-webm-vp8: eb34c28f22e8b96e1ab97ce403110664 -> 
  custom:video-decoder-webm-vp8: 9c59270c3fd7afecdb556c50c9e8de78 -> 
  custom:audio-decoder-ogg-vorbis: bf7c407c2cedff20999df2af8eb42d56 -> 
  custom:audio-encoder-webm-vorbis: bf7c407c2cedff20999df2af8eb42d56 -> 
========================================================================
Received Import Request.
  path: Assets/Sprites/Character/MiniVillagerMan.png
  artifactKey: Guid(b7591e44947db9241b49dcb5475f7138) Importer(815301076,1909f56bfc062723c751e8b465ee728b)
Start importing Assets/Sprites/Character/MiniVillagerMan.png using Guid(b7591e44947db9241b49dcb5475f7138) Importer(815301076,1909f56bfc062723c751e8b465ee728b)  -> (artifact id: 'ad221c02dac80e46aeb2b54dee4e07a6') in 0.291376 seconds 
========================================================================
Received Import Request.
  Time since last request: 29.412948 seconds.
  path: Assets/Sprites/Character/MiniVillagerMan.png
  artifactKey: Guid(b7591e44947db9241b49dcb5475f7138) Importer(815301076,1909f56bfc062723c751e8b465ee728b)
Start importing Assets/Sprites/Character/MiniVillagerMan.png using Guid(b7591e44947db9241b49dcb5475f7138) Importer(815301076,1909f56bfc062723c751e8b465ee728b)  -> (artifact id: '55cb52a3f6aa7015f6526fca13b61611') in 0.027286 seconds 
========================================================================
Received Import Request.
  Time since last request: 493.562508 seconds.
  path: Assets/Sprites/Character/Run.png
  artifactKey: Guid(af35bb39e52173d488d2ac7bd2030afa) Importer(815301076,1909f56bfc062723c751e8b465ee728b)
Start importing Assets/Sprites/Character/Run.png using Guid(af35bb39e52173d488d2ac7bd2030afa) Importer(815301076,1909f56bfc062723c751e8b465ee728b)  -> (artifact id: '62b074b7feb04111d7b73ec400583c5c') in 0.028990 seconds 
========================================================================
Received Import Request.
  Time since last request: 6.884329 seconds.
  path: Assets/Sprites/Character/Idle.png
  artifactKey: Guid(9f919d0ea5259fa40a7faeb397e6e74d) Importer(815301076,1909f56bfc062723c751e8b465ee728b)
Start importing Assets/Sprites/Character/Idle.png using Guid(9f919d0ea5259fa40a7faeb397e6e74d) Importer(815301076,1909f56bfc062723c751e8b465ee728b)  -> (artifact id: 'fc8bea4f93624e69ab0d7de1f6fd1198') in 0.033654 seconds 
========================================================================
Received Import Request.
  Time since last request: 15.298117 seconds.
  path: Assets/Sprites/Character/Run.png
  artifactKey: Guid(af35bb39e52173d488d2ac7bd2030afa) Importer(815301076,1909f56bfc062723c751e8b465ee728b)
Start importing Assets/Sprites/Character/Run.png using Guid(af35bb39e52173d488d2ac7bd2030afa) Importer(815301076,1909f56bfc062723c751e8b465ee728b)  -> (artifact id: 'f9fd57cd9f8bc35171cc4957a0407138') in 0.018361 seconds 
========================================================================
Received Import Request.
  Time since last request: 69.498646 seconds.
  path: Assets/Prefabs/Player.prefab
  artifactKey: Guid(ef058102f30882a41b33ced72fbe2c1e) Importer(815301076,1909f56bfc062723c751e8b465ee728b)
Start importing Assets/Prefabs/Player.prefab using Guid(ef058102f30882a41b33ced72fbe2c1e) Importer(815301076,1909f56bfc062723c751e8b465ee728b)  -> (artifact id: 'f325b7facc80598af8c1bc80c68a5bc6') in 0.059166 seconds 
========================================================================
Received Import Request.
  Time since last request: 1.894806 seconds.
  path: Assets/Sprites/Character/Idle.png
  artifactKey: Guid(9f919d0ea5259fa40a7faeb397e6e74d) Importer(815301076,1909f56bfc062723c751e8b465ee728b)
Start importing Assets/Sprites/Character/Idle.png using Guid(9f919d0ea5259fa40a7faeb397e6e74d) Importer(815301076,1909f56bfc062723c751e8b465ee728b)  -> (artifact id: '47950995ce964cd646ada4caf2b6b5ea') in 0.013067 seconds 
AssetImportWorkerClient::OnTransportError - code=2 error=End of file
