Using pre-set license
Built from '2020.3/staging' branch; Version is '2020.3.30f1 (1fb1bf06830e) revision 2077119'; Using compiler version '192528614'; Build Type 'Release'
OS: 'Windows 11  (10.0.22000) 64bit Core' Language: 'en' Physical Memory: 7987 MB
BatchMode: 1, IsHumanControllingUs: 0, StartBugReporterOnCrash: 0, Is64bit: 1, IsPro: 0

COMMAND LINE ARGUMENTS:
C:\Program Files\Unity\Hub\Editor\2020.3.30f1\Editor\Unity.exe
-adb2
-batchMode
-noUpm
-name
AssetImportWorker0
-projectPath
C:/Users/jolyo/OneDrive/Desktop/Software Major Project/FarmingRpgGame
-logFile
Logs/AssetImportWorker0.log
-srvPort
55227
Successfully changed project path to: C:/Users/jolyo/OneDrive/Desktop/Software Major Project/FarmingRpgGame
C:/Users/jolyo/OneDrive/Desktop/Software Major Project/FarmingRpgGame
Using Asset Import Pipeline V2.
Refreshing native plugins compatible for Editor in 46.46 ms, found 3 plugins.
Preloading 0 native plugins for Editor in 0.00 ms.
Initialize engine version: 2020.3.30f1 (1fb1bf06830e)
[Subsystems] Discovering subsystems at path C:/Program Files/Unity/Hub/Editor/2020.3.30f1/Editor/Data/Resources/UnitySubsystems
[Subsystems] Discovering subsystems at path C:/Users/jolyo/OneDrive/Desktop/Software Major Project/FarmingRpgGame/Assets
GfxDevice: creating device client; threaded=0
Direct3D:
    Version:  Direct3D 11.0 [level 11.1]
    Renderer: Intel(R) Iris(R) Xe Graphics (ID=0x9a49)
    Vendor:   
    VRAM:     3993 MB
    Driver:   30.0.100.9864
Initialize mono
Mono path[0] = 'C:/Program Files/Unity/Hub/Editor/2020.3.30f1/Editor/Data/Managed'
Mono path[1] = 'C:/Program Files/Unity/Hub/Editor/2020.3.30f1/Editor/Data/MonoBleedingEdge/lib/mono/unityjit'
Mono config path = 'C:/Program Files/Unity/Hub/Editor/2020.3.30f1/Editor/Data/MonoBleedingEdge/etc'
Using monoOptions --debugger-agent=transport=dt_socket,embedding=1,server=y,suspend=n,address=127.0.0.1:56308
Begin MonoManager ReloadAssembly
Registering precompiled unity dll's ...
Register platform support module: C:/Program Files/Unity/Hub/Editor/2020.3.30f1/Editor/Data/PlaybackEngines/WebGLSupport/UnityEditor.WebGL.Extensions.dll
Register platform support module: C:/Program Files/Unity/Hub/Editor/2020.3.30f1/Editor/Data/PlaybackEngines/WindowsStandaloneSupport/UnityEditor.WindowsStandalone.Extensions.dll
Registered in 0.001629 seconds.
Native extension for WindowsStandalone target not found
Native extension for WebGL target not found
Refreshing native plugins compatible for Editor in 46.08 ms, found 3 plugins.
Preloading 0 native plugins for Editor in 0.00 ms.
Mono: successfully reloaded assembly
- Completed reload, in  0.604 seconds
Domain Reload Profiling:
	ReloadAssembly (605ms)
		BeginReloadAssembly (64ms)
			ExecutionOrderSort (0ms)
			DisableScriptedObjects (0ms)
			BackupInstance (0ms)
			ReleaseScriptingObjects (0ms)
			CreateAndSetChildDomain (1ms)
		EndReloadAssembly (472ms)
			LoadAssemblies (62ms)
			RebuildTransferFunctionScriptingTraits (0ms)
			SetupTypeCache (159ms)
			ReleaseScriptCaches (0ms)
			RebuildScriptCaches (31ms)
			SetupLoadedEditorAssemblies (185ms)
				LogAssemblyErrors (0ms)
				InitializePlatformSupportModulesInManaged (5ms)
				SetLoadedEditorAssemblies (0ms)
				RefreshPlugins (46ms)
				BeforeProcessingInitializeOnLoad (15ms)
				ProcessInitializeOnLoadAttributes (93ms)
				ProcessInitializeOnLoadMethodAttributes (25ms)
				AfterProcessingInitializeOnLoad (0ms)
				EditorAssembliesLoaded (0ms)
			ExecutionOrderSort2 (0ms)
			AwakeInstancesAfterBackupRestoration (0ms)
Platform modules already initialized, skipping
Registering precompiled user dll's ...
Registered in 0.003511 seconds.
Begin MonoManager ReloadAssembly
Native extension for WindowsStandalone target not found
Native extension for WebGL target not found
Refreshing native plugins compatible for Editor in 46.03 ms, found 3 plugins.
Preloading 0 native plugins for Editor in 0.00 ms.
Mono: successfully reloaded assembly
- Completed reload, in  1.019 seconds
Domain Reload Profiling:
	ReloadAssembly (1020ms)
		BeginReloadAssembly (139ms)
			ExecutionOrderSort (0ms)
			DisableScriptedObjects (6ms)
			BackupInstance (0ms)
			ReleaseScriptingObjects (0ms)
			CreateAndSetChildDomain (21ms)
		EndReloadAssembly (827ms)
			LoadAssemblies (88ms)
			RebuildTransferFunctionScriptingTraits (0ms)
			SetupTypeCache (252ms)
			ReleaseScriptCaches (0ms)
			RebuildScriptCaches (43ms)
			SetupLoadedEditorAssemblies (335ms)
				LogAssemblyErrors (0ms)
				InitializePlatformSupportModulesInManaged (4ms)
				SetLoadedEditorAssemblies (0ms)
				RefreshPlugins (46ms)
				BeforeProcessingInitializeOnLoad (78ms)
				ProcessInitializeOnLoadAttributes (185ms)
				ProcessInitializeOnLoadMethodAttributes (17ms)
				AfterProcessingInitializeOnLoad (4ms)
				EditorAssembliesLoaded (0ms)
			ExecutionOrderSort2 (0ms)
			AwakeInstancesAfterBackupRestoration (7ms)
Platform modules already initialized, skipping
========================================================================
Worker process is ready to serve import requests
Launched and connected shader compiler UnityShaderCompiler.exe after 0.05 seconds
Refreshing native plugins compatible for Editor in 0.45 ms, found 3 plugins.
Preloading 0 native plugins for Editor in 0.00 ms.
Unloading 2200 Unused Serialized files (Serialized files now loaded: 0)
System memory in use before: 96.2 MB.
System memory in use after: 96.1 MB.

Unloading 31 unused Assets to reduce memory usage. Loaded Objects now: 2631.
Total: 2.979100 ms (FindLiveObjects: 0.128500 ms CreateObjectMapping: 0.053900 ms MarkObjects: 2.656000 ms  DeleteObjects: 0.139400 ms)

AssetImportParameters requested are different than current active one (requested -> active):
  custom:framework-win-MediaFoundation: 216162199b28c13a410421893ffa2e32 -> 
  custom:video-decoder-ogg-theora: a1e56fd34408186e4bbccfd4996cb3dc -> 
  custom:container-muxer-webm: aa71ff27fc2769a1b78a27578f13a17b -> 
  custom:container-demuxer-webm: 4f35f7cbe854078d1ac9338744f61a02 -> 
  custom:container-demuxer-ogg: 62fdf1f143b41e24485cea50d1cbac27 -> 
  custom:video-encoder-webm-vp8: eb34c28f22e8b96e1ab97ce403110664 -> 
  custom:video-decoder-webm-vp8: 9c59270c3fd7afecdb556c50c9e8de78 -> 
  custom:audio-decoder-ogg-vorbis: bf7c407c2cedff20999df2af8eb42d56 -> 
  custom:audio-encoder-webm-vorbis: bf7c407c2cedff20999df2af8eb42d56 -> 
========================================================================
Received Import Request.
  path: Assets/Sprites/Character/MiniVillagerMan.png
  artifactKey: Guid(559338c5ca95d75459568903ebcc7d26) Importer(815301076,1909f56bfc062723c751e8b465ee728b)
Start importing Assets/Sprites/Character/MiniVillagerMan.png using Guid(559338c5ca95d75459568903ebcc7d26) Importer(815301076,1909f56bfc062723c751e8b465ee728b)  -> (artifact id: '0c21d5d07f4e2b929fc63011cd954cee') in 0.092843 seconds 
========================================================================
Received Import Request.
  Time since last request: 13.346214 seconds.
  path: Assets/Sprites/Character/MiniVillagerMan.png
  artifactKey: Guid(559338c5ca95d75459568903ebcc7d26) Importer(815301076,1909f56bfc062723c751e8b465ee728b)
Start importing Assets/Sprites/Character/MiniVillagerMan.png using Guid(559338c5ca95d75459568903ebcc7d26) Importer(815301076,1909f56bfc062723c751e8b465ee728b)  -> (artifact id: '9c211c67aea58c73c7631522a97ea53e') in 0.032081 seconds 
========================================================================
Received Import Request.
  Time since last request: 36.636395 seconds.
  path: Assets/Sprites/Character/MiniVillagerMan.png
  artifactKey: Guid(559338c5ca95d75459568903ebcc7d26) Importer(815301076,1909f56bfc062723c751e8b465ee728b)
Start importing Assets/Sprites/Character/MiniVillagerMan.png using Guid(559338c5ca95d75459568903ebcc7d26) Importer(815301076,1909f56bfc062723c751e8b465ee728b)  -> (artifact id: '6c8470b04bf21d6c23630ac6108f1cee') in 0.065952 seconds 
========================================================================
Received Import Request.
  Time since last request: 29.491369 seconds.
  path: Assets/Sprites/Character/Player.png
  artifactKey: Guid(559338c5ca95d75459568903ebcc7d26) Importer(815301076,1909f56bfc062723c751e8b465ee728b)
Start importing Assets/Sprites/Character/Player.png using Guid(559338c5ca95d75459568903ebcc7d26) Importer(815301076,1909f56bfc062723c751e8b465ee728b)  -> (artifact id: '525f9685e03cd364b4c7be8cffa64024') in 0.082882 seconds 
========================================================================
Received Import Request.
  Time since last request: 17.750717 seconds.
  path: Assets/Sprites/Character/Player.png
  artifactKey: Guid(559338c5ca95d75459568903ebcc7d26) Importer(815301076,1909f56bfc062723c751e8b465ee728b)
Start importing Assets/Sprites/Character/Player.png using Guid(559338c5ca95d75459568903ebcc7d26) Importer(815301076,1909f56bfc062723c751e8b465ee728b)  -> (artifact id: 'a6afdad9ab65330e019fa77bca265f97') in 0.074227 seconds 
========================================================================
Received Import Request.
  Time since last request: 29.159044 seconds.
  path: Assets/Sprites/Character/Player.png
  artifactKey: Guid(559338c5ca95d75459568903ebcc7d26) Importer(815301076,1909f56bfc062723c751e8b465ee728b)
Start importing Assets/Sprites/Character/Player.png using Guid(559338c5ca95d75459568903ebcc7d26) Importer(815301076,1909f56bfc062723c751e8b465ee728b)  -> (artifact id: '786b19115196795ace73c6c8a44416f2') in 0.063660 seconds 
========================================================================
Received Import Request.
  Time since last request: 13.954875 seconds.
  path: Assets/Sprites/Character/Player.png
  artifactKey: Guid(559338c5ca95d75459568903ebcc7d26) Importer(815301076,1909f56bfc062723c751e8b465ee728b)
Start importing Assets/Sprites/Character/Player.png using Guid(559338c5ca95d75459568903ebcc7d26) Importer(815301076,1909f56bfc062723c751e8b465ee728b)  -> (artifact id: '13f18e78a1de98bd2f0f4ff958f26cae') in 0.071738 seconds 
========================================================================
Received Import Request.
  Time since last request: 11.278322 seconds.
  path: Assets/Sprites/Character/Player.png
  artifactKey: Guid(559338c5ca95d75459568903ebcc7d26) Importer(815301076,1909f56bfc062723c751e8b465ee728b)
Start importing Assets/Sprites/Character/Player.png using Guid(559338c5ca95d75459568903ebcc7d26) Importer(815301076,1909f56bfc062723c751e8b465ee728b)  -> (artifact id: '590b841aa222e4fad2823f67953f78b2') in 0.072077 seconds 
========================================================================
Received Import Request.
  Time since last request: 19.269791 seconds.
  path: Assets/Sprites/Character/Player.png
  artifactKey: Guid(559338c5ca95d75459568903ebcc7d26) Importer(815301076,1909f56bfc062723c751e8b465ee728b)
Start importing Assets/Sprites/Character/Player.png using Guid(559338c5ca95d75459568903ebcc7d26) Importer(815301076,1909f56bfc062723c751e8b465ee728b)  -> (artifact id: '08f9927dc7781893f5624f207a62592d') in 0.072471 seconds 
========================================================================
Received Import Request.
  Time since last request: 53.232642 seconds.
  path: Assets/Sprites/Character/Player.png
  artifactKey: Guid(559338c5ca95d75459568903ebcc7d26) Importer(815301076,1909f56bfc062723c751e8b465ee728b)
Start importing Assets/Sprites/Character/Player.png using Guid(559338c5ca95d75459568903ebcc7d26) Importer(815301076,1909f56bfc062723c751e8b465ee728b)  -> (artifact id: '5cd20a1c96203b24dbe44bb42853dc8a') in 0.020379 seconds 
========================================================================
Received Import Request.
  Time since last request: 14.809255 seconds.
  path: Assets/Sprites/Character/Player.png
  artifactKey: Guid(559338c5ca95d75459568903ebcc7d26) Importer(815301076,1909f56bfc062723c751e8b465ee728b)
Start importing Assets/Sprites/Character/Player.png using Guid(559338c5ca95d75459568903ebcc7d26) Importer(815301076,1909f56bfc062723c751e8b465ee728b)  -> (artifact id: 'c15d5d17bfe1723ef0f0a7ee1e61f1c0') in 0.012360 seconds 
========================================================================
Received Import Request.
  Time since last request: 10.647700 seconds.
  path: Assets/Sprites/Character/Player.png
  artifactKey: Guid(559338c5ca95d75459568903ebcc7d26) Importer(815301076,1909f56bfc062723c751e8b465ee728b)
Start importing Assets/Sprites/Character/Player.png using Guid(559338c5ca95d75459568903ebcc7d26) Importer(815301076,1909f56bfc062723c751e8b465ee728b)  -> (artifact id: '79f6604015a118ea15580fbe2c2c64f0') in 0.007228 seconds 
========================================================================
Received Import Request.
  Time since last request: 50.163666 seconds.
  path: Assets/Sprites/Character/Player.png
  artifactKey: Guid(559338c5ca95d75459568903ebcc7d26) Importer(815301076,1909f56bfc062723c751e8b465ee728b)
Start importing Assets/Sprites/Character/Player.png using Guid(559338c5ca95d75459568903ebcc7d26) Importer(815301076,1909f56bfc062723c751e8b465ee728b)  -> (artifact id: '7d1177bf6d5fc477432884b7a0d20b0d') in 0.046159 seconds 
========================================================================
Received Import Request.
  Time since last request: 13.085605 seconds.
  path: Assets/Sprites/Character/Player.png
  artifactKey: Guid(559338c5ca95d75459568903ebcc7d26) Importer(815301076,1909f56bfc062723c751e8b465ee728b)
Start importing Assets/Sprites/Character/Player.png using Guid(559338c5ca95d75459568903ebcc7d26) Importer(815301076,1909f56bfc062723c751e8b465ee728b)  -> (artifact id: '718650a5e99464e14d92fb451dcf4dfe') in 0.040441 seconds 
========================================================================
Received Import Request.
  Time since last request: 65.307742 seconds.
  path: Assets/Sprites/Character/Player.png
  artifactKey: Guid(559338c5ca95d75459568903ebcc7d26) Importer(815301076,1909f56bfc062723c751e8b465ee728b)
Start importing Assets/Sprites/Character/Player.png using Guid(559338c5ca95d75459568903ebcc7d26) Importer(815301076,1909f56bfc062723c751e8b465ee728b)  -> (artifact id: '6de612079a077d6b19b7e6a2d1519d08') in 0.035373 seconds 
========================================================================
Received Prepare
Registering precompiled user dll's ...
Registered in 0.003546 seconds.
Begin MonoManager ReloadAssembly
Native extension for WindowsStandalone target not found
Native extension for WebGL target not found
Refreshing native plugins compatible for Editor in 0.52 ms, found 3 plugins.
Preloading 0 native plugins for Editor in 0.00 ms.
Mono: successfully reloaded assembly
- Completed reload, in  1.004 seconds
Domain Reload Profiling:
	ReloadAssembly (1005ms)
		BeginReloadAssembly (123ms)
			ExecutionOrderSort (0ms)
			DisableScriptedObjects (7ms)
			BackupInstance (0ms)
			ReleaseScriptingObjects (0ms)
			CreateAndSetChildDomain (42ms)
		EndReloadAssembly (817ms)
			LoadAssemblies (101ms)
			RebuildTransferFunctionScriptingTraits (0ms)
			SetupTypeCache (283ms)
			ReleaseScriptCaches (1ms)
			RebuildScriptCaches (39ms)
			SetupLoadedEditorAssemblies (312ms)
				LogAssemblyErrors (0ms)
				InitializePlatformSupportModulesInManaged (5ms)
				SetLoadedEditorAssemblies (0ms)
				RefreshPlugins (1ms)
				BeforeProcessingInitializeOnLoad (82ms)
				ProcessInitializeOnLoadAttributes (209ms)
				ProcessInitializeOnLoadMethodAttributes (10ms)
				AfterProcessingInitializeOnLoad (4ms)
				EditorAssembliesLoaded (0ms)
			ExecutionOrderSort2 (0ms)
			AwakeInstancesAfterBackupRestoration (8ms)
Platform modules already initialized, skipping
Refreshing native plugins compatible for Editor in 0.44 ms, found 3 plugins.
Preloading 0 native plugins for Editor in 0.00 ms.
Unloading 2195 Unused Serialized files (Serialized files now loaded: 0)
System memory in use before: 99.1 MB.
System memory in use after: 99.1 MB.

Unloading 20 unused Assets to reduce memory usage. Loaded Objects now: 2645.
Total: 3.353900 ms (FindLiveObjects: 0.141900 ms CreateObjectMapping: 0.061300 ms MarkObjects: 3.025300 ms  DeleteObjects: 0.124000 ms)

AssetImportParameters requested are different than current active one (requested -> active):
  custom:framework-win-MediaFoundation: 216162199b28c13a410421893ffa2e32 -> 
  custom:video-decoder-ogg-theora: a1e56fd34408186e4bbccfd4996cb3dc -> 
  custom:container-muxer-webm: aa71ff27fc2769a1b78a27578f13a17b -> 
  custom:container-demuxer-webm: 4f35f7cbe854078d1ac9338744f61a02 -> 
  custom:container-demuxer-ogg: 62fdf1f143b41e24485cea50d1cbac27 -> 
  custom:video-encoder-webm-vp8: eb34c28f22e8b96e1ab97ce403110664 -> 
  custom:video-decoder-webm-vp8: 9c59270c3fd7afecdb556c50c9e8de78 -> 
  custom:audio-decoder-ogg-vorbis: bf7c407c2cedff20999df2af8eb42d56 -> 
  custom:audio-encoder-webm-vorbis: bf7c407c2cedff20999df2af8eb42d56 -> 
========================================================================
Received Import Request.
  Time since last request: 238.000156 seconds.
  path: Assets/Animation/Player_Idle.anim
  artifactKey: Guid(e195e269cfa8d8e4a8da7c7f67e7f973) Importer(815301076,1909f56bfc062723c751e8b465ee728b)
Start importing Assets/Animation/Player_Idle.anim using Guid(e195e269cfa8d8e4a8da7c7f67e7f973) Importer(815301076,1909f56bfc062723c751e8b465ee728b)  -> (artifact id: 'adc736102693734e36a7fd4d7ddd420c') in 0.027442 seconds 
========================================================================
Received Prepare
Registering precompiled user dll's ...
Registered in 0.003408 seconds.
Begin MonoManager ReloadAssembly
Native extension for WindowsStandalone target not found
Native extension for WebGL target not found
Refreshing native plugins compatible for Editor in 0.57 ms, found 3 plugins.
Preloading 0 native plugins for Editor in 0.00 ms.
Mono: successfully reloaded assembly
- Completed reload, in  0.986 seconds
Domain Reload Profiling:
	ReloadAssembly (987ms)
		BeginReloadAssembly (145ms)
			ExecutionOrderSort (0ms)
			DisableScriptedObjects (8ms)
			BackupInstance (0ms)
			ReleaseScriptingObjects (0ms)
			CreateAndSetChildDomain (41ms)
		EndReloadAssembly (775ms)
			LoadAssemblies (113ms)
			RebuildTransferFunctionScriptingTraits (0ms)
			SetupTypeCache (235ms)
			ReleaseScriptCaches (1ms)
			RebuildScriptCaches (48ms)
			SetupLoadedEditorAssemblies (304ms)
				LogAssemblyErrors (0ms)
				InitializePlatformSupportModulesInManaged (7ms)
				SetLoadedEditorAssemblies (1ms)
				RefreshPlugins (1ms)
				BeforeProcessingInitializeOnLoad (89ms)
				ProcessInitializeOnLoadAttributes (192ms)
				ProcessInitializeOnLoadMethodAttributes (10ms)
				AfterProcessingInitializeOnLoad (4ms)
				EditorAssembliesLoaded (0ms)
			ExecutionOrderSort2 (0ms)
			AwakeInstancesAfterBackupRestoration (9ms)
Platform modules already initialized, skipping
Refreshing native plugins compatible for Editor in 0.68 ms, found 3 plugins.
Preloading 0 native plugins for Editor in 0.00 ms.
Unloading 2195 Unused Serialized files (Serialized files now loaded: 0)
System memory in use before: 99.2 MB.
System memory in use after: 99.1 MB.

Unloading 20 unused Assets to reduce memory usage. Loaded Objects now: 2647.
Total: 3.669600 ms (FindLiveObjects: 0.149800 ms CreateObjectMapping: 0.060200 ms MarkObjects: 3.334800 ms  DeleteObjects: 0.123000 ms)

AssetImportParameters requested are different than current active one (requested -> active):
  custom:framework-win-MediaFoundation: 216162199b28c13a410421893ffa2e32 -> 
  custom:video-decoder-ogg-theora: a1e56fd34408186e4bbccfd4996cb3dc -> 
  custom:container-muxer-webm: aa71ff27fc2769a1b78a27578f13a17b -> 
  custom:container-demuxer-webm: 4f35f7cbe854078d1ac9338744f61a02 -> 
  custom:container-demuxer-ogg: 62fdf1f143b41e24485cea50d1cbac27 -> 
  custom:video-encoder-webm-vp8: eb34c28f22e8b96e1ab97ce403110664 -> 
  custom:video-decoder-webm-vp8: 9c59270c3fd7afecdb556c50c9e8de78 -> 
  custom:audio-decoder-ogg-vorbis: bf7c407c2cedff20999df2af8eb42d56 -> 
  custom:audio-encoder-webm-vorbis: bf7c407c2cedff20999df2af8eb42d56 -> 
========================================================================
Received Import Request.
  Time since last request: 53.330473 seconds.
  path: Assets/Sprites/Objects
  artifactKey: Guid(4044716b286ab5a49814c16112b0de3c) Importer(815301076,1909f56bfc062723c751e8b465ee728b)
Start importing Assets/Sprites/Objects using Guid(4044716b286ab5a49814c16112b0de3c) Importer(815301076,1909f56bfc062723c751e8b465ee728b)  -> (artifact id: 'afdd7078e69c1de565b7925f4b05aa2d') in 0.016278 seconds 
========================================================================
Received Import Request.
  Time since last request: 119.078922 seconds.
  path: Assets/Sprites/Objects/#1 - Transparent Icons.png
  artifactKey: Guid(d0521bb4c5f405e48bae758a746b2ab0) Importer(815301076,1909f56bfc062723c751e8b465ee728b)
Start importing Assets/Sprites/Objects/#1 - Transparent Icons.png using Guid(d0521bb4c5f405e48bae758a746b2ab0) Importer(815301076,1909f56bfc062723c751e8b465ee728b)  -> (artifact id: '53999ef94db0b0ce3f977f26f7c22087') in 0.064435 seconds 
========================================================================
Received Import Request.
  Time since last request: 23.749220 seconds.
  path: Assets/Sprites/Objects/Icons1.png
  artifactKey: Guid(d0521bb4c5f405e48bae758a746b2ab0) Importer(815301076,1909f56bfc062723c751e8b465ee728b)
Start importing Assets/Sprites/Objects/Icons1.png using Guid(d0521bb4c5f405e48bae758a746b2ab0) Importer(815301076,1909f56bfc062723c751e8b465ee728b)  -> (artifact id: 'f7f82fc2538ebf75dbf7f1c2590b9aff') in 0.025804 seconds 
AssetImportWorkerClient::OnTransportError - code=2 error=End of file
